Arguments: 
  /usr/local/bin/node /usr/local/Cellar/yarn/1.21.1/libexec/bin/yarn.js install

PATH: 
  /usr/local/bin:/usr/bin:/bin:/usr/sbin:/sbin:/usr/local/share/dotnet:~/.dotnet/tools:/Library/Frameworks/Mono.framework/Versions/Current/Commands:/Users/Nerdy

Yarn version: 
  1.21.1

Node version: 
  15.1.0

Platform: 
  darwin x64

Trace: 
  Error: ENOSPC: no space left on device, copyfile '/Users/Nerdy/Library/Caches/Yarn/v6/npm-chrome-trace-event-1.0.2-234090ee97c7d4ad1a2c4beae27505deffc608a4-integrity/node_modules/chrome-trace-event/.travis.yml' -> '/Users/Nerdy/Documents/Work/sandbox/node_modules/chrome-trace-event/.travis.yml'

npm manifest: 
  {
    "name": "notiplus_sandbox",
    "version": "1.0.0",
    "license": "MIT",
    "dependencies": {
      "@material-ui/core": "^4.11.2",
      "axios": "^0.21.1",
      "dotenv": "^8.2.0",
      "formik": "^2.2.6",
      "js-cookie": "^2.2.1",
      "json-api-normalize": "^1.1.5",
      "jsonapi-parse": "^2.0.1",
      "lint-staged": "^10.5.3",
      "query-string": "^6.13.8",
      "react": "^17.0.1",
      "react-dom": "^17.0.1",
      "react-query": "^3.5.11",
      "react-router": "^5.2.0",
      "react-router-dom": "^5.2.0",
      "yup": "^0.32.8"
    },
    "scripts": {
      "build": "parcel build --dist-dir ./public ./src/index.html",
      "dev": "parcel --dist-dir ./public --port 8080 ./src/index.html",
      "lint": "eslint . ",
      "lint-watch": "watch 'npm run lint' .",
      "lint-fix": "eslint --fix .",
      "test": "jest --watch",
      "postinstall": "husky install"
    },
    "devDependencies": {
      "@babel/core": "^7.12.10",
      "@babel/plugin-transform-runtime": "^7.12.10",
      "@babel/preset-env": "^7.12.11",
      "@babel/preset-react": "^7.12.10",
      "@testing-library/react-hooks": "^4.0.1",
      "babel-eslint": "^10.1.0",
      "babel-jest": "^26.6.3",
      "enzyme": "^3.11.0",
      "enzyme-adapter-react-16": "^1.15.5",
      "eslint": "^6.8.0",
      "eslint-config-airbnb": "^18.2.1",
      "eslint-config-prettier": "^7.1.0",
      "eslint-plugin-import": "^2.22.1",
      "eslint-plugin-jsx-a11y": "^6.4.1",
      "eslint-plugin-prettier": "^3.3.1",
      "eslint-plugin-react": "^7.22.0",
      "eslint-plugin-react-hooks": "^4.2.0",
      "husky": "^5.0.6",
      "jest": "^26.6.3",
      "parcel": "^2.0.0-beta.1",
      "prettier": "^2.2.1",
      "react-test-renderer": "^17.0.1"
    },
    "jest": {
      "testRegex": "\\.test\\.js$",
      "transform": {
        "^.+\\.js$": "babel-jest"
      },
      "setupFilesAfterEnv": [
        "<rootDir>/jest/jest.setup.js"
      ]
    }
  }

yarn manifest: 
  No manifest

Lockfile: 
  No lockfile
